%!Adobe-FontList 1.23
%Locale:0x412

%BeginFont
Handler:DirectoryHandler
FontType:TrueType
FontName:AnticDidone-Regular
FamilyName:Antic Didone
StyleName:Regular
FullName:Antic Didone Regular
MenuName:Antic Didone
StyleBits:0
WritingScript:Roman
OutlineFileName:C:\Users\82108\Desktop\허재영0207\허재영0129\PORTFOLIO\Font\Antic_Didone\AnticDidone-Regular.ttf
DataFormat:sfntData
hasSVG:no
VariableFontType:NonVariableFont
FileLength:34524
FileModTime:1676626778
WeightClass:400
WidthClass:5
AngleClass:0
NameArray:0,Win,1,Antic Didone
%EndFont

%BeginFont
Handler:DirectoryHandler
FontType:Invalid
OutlineFileName:C:\Users\82108\Desktop\허재영0207\허재영0129\PORTFOLIO\Font\Antic_Didone\OFL.txt
FileModTime:1676626778
%EndFont

%BeginFont
Handler:DirectoryHandler
FontType:TrueType
FontName:Italiana-Regular
FamilyName:Italiana
StyleName:Regular
FullName:Italiana
MenuName:Italiana
StyleBits:0
WritingScript:Roman
OutlineFileName:C:\Users\82108\Desktop\허재영0207\허재영0129\PORTFOLIO\Font\Italiana\Italiana-Regular.ttf
DataFormat:sfntData
hasSVG:no
VariableFontType:NonVariableFont
FileLength:27184
FileModTime:1676626700
WeightClass:400
WidthClass:5
AngleClass:0
NameArray:0,Win,1,Italiana
%EndFont

%BeginFont
Handler:DirectoryHandler
FontType:Invalid
OutlineFileName:C:\Users\82108\Desktop\허재영0207\허재영0129\PORTFOLIO\Font\Italiana\OFL.txt
FileModTime:1676626700
%EndFont

%BeginFont
Handler:DirectoryHandler
FontType:Invalid
OutlineFileName:C:\Users\82108\Desktop\허재영0207\허재영0129\PORTFOLIO\Font\Prata\OFL.txt
FileModTime:1676623282
%EndFont

%BeginFont
Handler:DirectoryHandler
FontType:TrueType
FontName:Prata-Regular
FamilyName:Prata
StyleName:Regular
FullName:Prata Regular
MenuName:Prata
StyleBits:0
FamilyNameNative:Prata
StyleNameNative:Regular
FullNameNative:Prata Regular
WritingScript:Cyrillic
OutlineFileName:C:\Users\82108\Desktop\허재영0207\허재영0129\PORTFOLIO\Font\Prata\Prata-Regular.ttf
DataFormat:sfntData
hasSVG:no
VariableFontType:NonVariableFont
FileLength:96948
FileModTime:1676623282
WeightClass:400
WidthClass:5
AngleClass:0
NameArray:0,Win,1,Prata
%EndFont

%BeginFont
Handler:DirectoryHandler
FontType:Invalid
OutlineFileName:C:\Users\82108\Desktop\허재영0207\허재영0129\PORTFOLIO\Font\Pretendard-1.3.6\LICENSE.txt
FileModTime:1676616622
%EndFont

